<?xml version="1.0" encoding="UTF-8"?>
<!-- Generated by org.testng.reporters.JUnitXMLReporter -->
<testsuite ignored="0" hostname="debian-sleeptowait" failures="0" tests="23" name="Test" time="127.769" errors="0" timestamp="2021-11-19T11:41:07 CET">
  <testcase classname="tests.PasswordManagerAddEntryTest" name="testPasswordManagerAddEntry" time="1.631"/>
  <testcase classname="tests.PasswordManagerSearchEntryByNameTest" name="testPasswordManagerSearchEntryByName" time="2.789"/>
  <testcase classname="tests.PasswordManagerSearchEntryByUsernameTest" name="testPasswordManagerSearchEntryByUsername" time="2.796"/>
  <testcase classname="tests.PasswordManagerSearchEntryByUrlTest" name="testPasswordManagerSearchEntryByUrl" time="2.798"/>
  <testcase classname="tests.PasswordManagerSearchEntryByTagsTest" name="testPasswordManagerSearchEntryByTags" time="5.13"/>
  <testcase classname="tests.PasswordManagerSearchEntryByCommentTest" name="testPasswordManagerSearchEntryByComment" time="2.769"/>
  <testcase classname="tests.PasswordManagerSearchEntryByTagListTest" name="testPasswordManagerSearchEntryByTagList" time="0.629"/>
  <testcase classname="tests.PasswordManagerEditEntryTest" name="testPasswordManagerEditEntry" time="4.928"/>
  <testcase classname="tests.PasswordManagerSearchTagsTest" name="testPasswordManagerSearchTags" time="2.753"/>
  <testcase classname="tests.PasswordManagerRemoveTagsTest" name="testPasswordManagerRemoveTags" time="1.017"/>
  <testcase classname="tests.PasswordManagerCheckEntryTagsRemovedTest" name="testPasswordManagerCheckEntryTagsRemoved" time="0.65"/>
  <testcase classname="tests.PasswordManagerRemoveEntryTest" name="testPasswordManagerRemoveEntry" time="0.689"/>
  <testcase classname="tests.PasswordManagerSearchEntryNegativeTest" name="testPasswordManagerSearchEntryNegative" time="2.721"/>
  <testcase classname="tests.PasswordManagerSearchTagNegativeTest" name="testPasswordManagerSearchTagNegative" time="2.812"/>
  <testcase classname="tests.PasswordManagerAddTagTest" name="testPasswordManagerAddTag" time="0.875"/>
  <testcase classname="tests.PasswordManagerEditTagTest" name="testPasswordManagerEditTag" time="0.81"/>
  <testcase classname="tests.PasswordManagerRemoveTagTest" name="testPasswordManagerRemoveTag" time="0.763"/>
  <testcase classname="tests.PasswordManagerAssignTagToEntryTest" name="testPasswordManagerAssignTagToEntry" time="13.281"/>
  <testcase classname="tests.PasswordManagerAddMultipleEntriesTest" name="testPasswordManagerAddMultipleEntries" time="25.881"/>
  <testcase classname="tests.PasswordManagerSearchMultipleEntriesTest" name="testPasswordManagerSearchMultipleEntries" time="12.931"/>
  <testcase classname="tests.PasswordManagerCheckUsedTagsTest" name="testPasswordManagerCheckUsedTags" time="11.101"/>
  <testcase classname="tests.PasswordManagerSearchAndRemoveMultipleTagsTest" name="testPasswordManagerSearchAndRemoveMultipleTags" time="8.038"/>
  <testcase classname="tests.PasswordManagerRemoveMultipleEntriesTest" name="testPasswordManagerRemoveMultipleEntries" time="5.896"/>
</testsuite> <!-- Test -->
