<?xml version="1.0" encoding="UTF-8"?>
<testng-results ignored="0" total="23" passed="23" failed="0" skipped="0">
  <reporter-output>
  </reporter-output>
  <suite started-at="2021-11-19T11:38:59 CET" name="Suite" finished-at="2021-11-19T11:41:07 CET" duration-ms="127769">
    <groups>
    </groups>
    <test started-at="2021-11-19T11:38:59 CET" name="Test" finished-at="2021-11-19T11:41:07 CET" duration-ms="127769">
      <class name="tests.PasswordManagerRemoveTagsTest">
        <test-method is-config="true" signature="setUp(java.lang.String, java.lang.String, java.lang.String)[pri:0, instance:tests.PasswordManagerRemoveTagsTest@74294adb]" started-at="2021-11-19T11:39:32 CET" name="setUp" finished-at="2021-11-19T11:39:32 CET" duration-ms="469" status="PASS">
          <params>
            <param index="0">
              <value>
                <![CDATA[3000]]>
              </value>
            </param>
            <param index="1">
              <value>
                <![CDATA[4445]]>
              </value>
            </param>
            <param index="2">
              <value>
                <![CDATA[127.0.0.1]]>
              </value>
            </param>
          </params>
          <reporter-output>
          </reporter-output>
        </test-method> <!-- setUp -->
        <test-method signature="testPasswordManagerRemoveTags()[pri:0, instance:tests.PasswordManagerRemoveTagsTest@74294adb]" started-at="2021-11-19T11:39:32 CET" name="testPasswordManagerRemoveTags" finished-at="2021-11-19T11:39:33 CET" duration-ms="1017" status="PASS">
          <reporter-output>
          </reporter-output>
        </test-method> <!-- testPasswordManagerRemoveTags -->
        <test-method is-config="true" signature="tearDown()[pri:0, instance:tests.PasswordManagerRemoveTagsTest@74294adb]" started-at="2021-11-19T11:39:33 CET" name="tearDown" finished-at="2021-11-19T11:39:34 CET" duration-ms="91" status="PASS">
          <reporter-output>
          </reporter-output>
        </test-method> <!-- tearDown -->
      </class> <!-- tests.PasswordManagerRemoveTagsTest -->
      <class name="tests.PasswordManagerAddEntryTest">
        <test-method is-config="true" signature="setUp(java.lang.String, java.lang.String, java.lang.String)[pri:0, instance:tests.PasswordManagerAddEntryTest@76b10754]" started-at="2021-11-19T11:39:00 CET" name="setUp" finished-at="2021-11-19T11:39:01 CET" duration-ms="1536" status="PASS">
          <params>
            <param index="0">
              <value>
                <![CDATA[3000]]>
              </value>
            </param>
            <param index="1">
              <value>
                <![CDATA[4445]]>
              </value>
            </param>
            <param index="2">
              <value>
                <![CDATA[127.0.0.1]]>
              </value>
            </param>
          </params>
          <reporter-output>
          </reporter-output>
        </test-method> <!-- setUp -->
        <test-method signature="testPasswordManagerAddEntry(java.lang.String, java.lang.String)[pri:0, instance:tests.PasswordManagerAddEntryTest@76b10754]" started-at="2021-11-19T11:39:01 CET" name="testPasswordManagerAddEntry" finished-at="2021-11-19T11:39:03 CET" duration-ms="1631" status="PASS">
          <params>
            <param index="0">
              <value>
                <![CDATA[3000]]>
              </value>
            </param>
            <param index="1">
              <value>
                <![CDATA[127.0.0.1]]>
              </value>
            </param>
          </params>
          <reporter-output>
          </reporter-output>
        </test-method> <!-- testPasswordManagerAddEntry -->
        <test-method is-config="true" signature="tearDown()[pri:0, instance:tests.PasswordManagerAddEntryTest@76b10754]" started-at="2021-11-19T11:39:03 CET" name="tearDown" finished-at="2021-11-19T11:39:03 CET" duration-ms="80" status="PASS">
          <reporter-output>
          </reporter-output>
        </test-method> <!-- tearDown -->
      </class> <!-- tests.PasswordManagerAddEntryTest -->
      <class name="tests.PasswordManagerEditEntryTest">
        <test-method is-config="true" signature="setUp(java.lang.String, java.lang.String, java.lang.String)[pri:0, instance:tests.PasswordManagerEditEntryTest@3bd94634]" started-at="2021-11-19T11:39:23 CET" name="setUp" finished-at="2021-11-19T11:39:24 CET" duration-ms="518" status="PASS">
          <params>
            <param index="0">
              <value>
                <![CDATA[3000]]>
              </value>
            </param>
            <param index="1">
              <value>
                <![CDATA[4445]]>
              </value>
            </param>
            <param index="2">
              <value>
                <![CDATA[127.0.0.1]]>
              </value>
            </param>
          </params>
          <reporter-output>
          </reporter-output>
        </test-method> <!-- setUp -->
        <test-method signature="testPasswordManagerEditEntry(java.lang.String, java.lang.String)[pri:0, instance:tests.PasswordManagerEditEntryTest@3bd94634]" started-at="2021-11-19T11:39:24 CET" name="testPasswordManagerEditEntry" finished-at="2021-11-19T11:39:29 CET" duration-ms="4928" status="PASS">
          <params>
            <param index="0">
              <value>
                <![CDATA[3000]]>
              </value>
            </param>
            <param index="1">
              <value>
                <![CDATA[127.0.0.1]]>
              </value>
            </param>
          </params>
          <reporter-output>
          </reporter-output>
        </test-method> <!-- testPasswordManagerEditEntry -->
        <test-method is-config="true" signature="tearDown()[pri:0, instance:tests.PasswordManagerEditEntryTest@3bd94634]" started-at="2021-11-19T11:39:29 CET" name="tearDown" finished-at="2021-11-19T11:39:29 CET" duration-ms="94" status="PASS">
          <reporter-output>
          </reporter-output>
        </test-method> <!-- tearDown -->
      </class> <!-- tests.PasswordManagerEditEntryTest -->
      <class name="tests.PasswordManagerAssignTagToEntryTest">
        <test-method is-config="true" signature="setUp(java.lang.String, java.lang.String, java.lang.String)[pri:0, instance:tests.PasswordManagerAssignTagToEntryTest@276438c9]" started-at="2021-11-19T11:39:47 CET" name="setUp" finished-at="2021-11-19T11:39:47 CET" duration-ms="487" status="PASS">
          <params>
            <param index="0">
              <value>
                <![CDATA[3000]]>
              </value>
            </param>
            <param index="1">
              <value>
                <![CDATA[4445]]>
              </value>
            </param>
            <param index="2">
              <value>
                <![CDATA[127.0.0.1]]>
              </value>
            </param>
          </params>
          <reporter-output>
          </reporter-output>
        </test-method> <!-- setUp -->
        <test-method signature="testPasswordManagerAssignTagToEntry(java.lang.String, java.lang.String)[pri:0, instance:tests.PasswordManagerAssignTagToEntryTest@276438c9]" started-at="2021-11-19T11:39:47 CET" name="testPasswordManagerAssignTagToEntry" finished-at="2021-11-19T11:40:01 CET" duration-ms="13281" status="PASS">
          <params>
            <param index="0">
              <value>
                <![CDATA[3000]]>
              </value>
            </param>
            <param index="1">
              <value>
                <![CDATA[127.0.0.1]]>
              </value>
            </param>
          </params>
          <reporter-output>
          </reporter-output>
        </test-method> <!-- testPasswordManagerAssignTagToEntry -->
        <test-method is-config="true" signature="tearDown()[pri:0, instance:tests.PasswordManagerAssignTagToEntryTest@276438c9]" started-at="2021-11-19T11:40:01 CET" name="tearDown" finished-at="2021-11-19T11:40:01 CET" duration-ms="93" status="PASS">
          <reporter-output>
          </reporter-output>
        </test-method> <!-- tearDown -->
      </class> <!-- tests.PasswordManagerAssignTagToEntryTest -->
      <class name="tests.PasswordManagerSearchEntryByUrlTest">
        <test-method is-config="true" signature="setUp(java.lang.String, java.lang.String, java.lang.String)[pri:0, instance:tests.PasswordManagerSearchEntryByUrlTest@2df32bf7]" started-at="2021-11-19T11:39:09 CET" name="setUp" finished-at="2021-11-19T11:39:10 CET" duration-ms="478" status="PASS">
          <params>
            <param index="0">
              <value>
                <![CDATA[3000]]>
              </value>
            </param>
            <param index="1">
              <value>
                <![CDATA[4445]]>
              </value>
            </param>
            <param index="2">
              <value>
                <![CDATA[127.0.0.1]]>
              </value>
            </param>
          </params>
          <reporter-output>
          </reporter-output>
        </test-method> <!-- setUp -->
        <test-method signature="testPasswordManagerSearchEntryByUrl(java.lang.String, java.lang.String)[pri:0, instance:tests.PasswordManagerSearchEntryByUrlTest@2df32bf7]" started-at="2021-11-19T11:39:10 CET" name="testPasswordManagerSearchEntryByUrl" finished-at="2021-11-19T11:39:13 CET" duration-ms="2798" status="PASS">
          <params>
            <param index="0">
              <value>
                <![CDATA[3000]]>
              </value>
            </param>
            <param index="1">
              <value>
                <![CDATA[127.0.0.1]]>
              </value>
            </param>
          </params>
          <reporter-output>
          </reporter-output>
        </test-method> <!-- testPasswordManagerSearchEntryByUrl -->
        <test-method is-config="true" signature="tearDown()[pri:0, instance:tests.PasswordManagerSearchEntryByUrlTest@2df32bf7]" started-at="2021-11-19T11:39:13 CET" name="tearDown" finished-at="2021-11-19T11:39:13 CET" duration-ms="97" status="PASS">
          <reporter-output>
          </reporter-output>
        </test-method> <!-- tearDown -->
      </class> <!-- tests.PasswordManagerSearchEntryByUrlTest -->
      <class name="tests.PasswordManagerRemoveEntryTest">
        <test-method is-config="true" signature="setUp(java.lang.String, java.lang.String, java.lang.String)[pri:0, instance:tests.PasswordManagerRemoveEntryTest@130f889]" started-at="2021-11-19T11:39:35 CET" name="setUp" finished-at="2021-11-19T11:39:35 CET" duration-ms="485" status="PASS">
          <params>
            <param index="0">
              <value>
                <![CDATA[3000]]>
              </value>
            </param>
            <param index="1">
              <value>
                <![CDATA[4445]]>
              </value>
            </param>
            <param index="2">
              <value>
                <![CDATA[127.0.0.1]]>
              </value>
            </param>
          </params>
          <reporter-output>
          </reporter-output>
        </test-method> <!-- setUp -->
        <test-method signature="testPasswordManagerRemoveEntry()[pri:0, instance:tests.PasswordManagerRemoveEntryTest@130f889]" started-at="2021-11-19T11:39:35 CET" name="testPasswordManagerRemoveEntry" finished-at="2021-11-19T11:39:36 CET" duration-ms="689" status="PASS">
          <reporter-output>
          </reporter-output>
        </test-method> <!-- testPasswordManagerRemoveEntry -->
        <test-method is-config="true" signature="tearDown()[pri:0, instance:tests.PasswordManagerRemoveEntryTest@130f889]" started-at="2021-11-19T11:39:36 CET" name="tearDown" finished-at="2021-11-19T11:39:36 CET" duration-ms="79" status="PASS">
          <reporter-output>
          </reporter-output>
        </test-method> <!-- tearDown -->
      </class> <!-- tests.PasswordManagerRemoveEntryTest -->
      <class name="tests.PasswordManagerSearchEntryNegativeTest">
        <test-method is-config="true" signature="setUp(java.lang.String, java.lang.String, java.lang.String)[pri:0, instance:tests.PasswordManagerSearchEntryNegativeTest@1188e820]" started-at="2021-11-19T11:39:36 CET" name="setUp" finished-at="2021-11-19T11:39:36 CET" duration-ms="465" status="PASS">
          <params>
            <param index="0">
              <value>
                <![CDATA[3000]]>
              </value>
            </param>
            <param index="1">
              <value>
                <![CDATA[4445]]>
              </value>
            </param>
            <param index="2">
              <value>
                <![CDATA[127.0.0.1]]>
              </value>
            </param>
          </params>
          <reporter-output>
          </reporter-output>
        </test-method> <!-- setUp -->
        <test-method signature="testPasswordManagerSearchEntryNegative()[pri:0, instance:tests.PasswordManagerSearchEntryNegativeTest@1188e820]" started-at="2021-11-19T11:39:36 CET" name="testPasswordManagerSearchEntryNegative" finished-at="2021-11-19T11:39:39 CET" duration-ms="2721" status="PASS">
          <reporter-output>
          </reporter-output>
        </test-method> <!-- testPasswordManagerSearchEntryNegative -->
        <test-method is-config="true" signature="tearDown()[pri:0, instance:tests.PasswordManagerSearchEntryNegativeTest@1188e820]" started-at="2021-11-19T11:39:39 CET" name="tearDown" finished-at="2021-11-19T11:39:39 CET" duration-ms="102" status="PASS">
          <reporter-output>
          </reporter-output>
        </test-method> <!-- tearDown -->
      </class> <!-- tests.PasswordManagerSearchEntryNegativeTest -->
      <class name="tests.PasswordManagerSearchEntryByCommentTest">
        <test-method is-config="true" signature="setUp(java.lang.String, java.lang.String, java.lang.String)[pri:0, instance:tests.PasswordManagerSearchEntryByCommentTest@2a40cd94]" started-at="2021-11-19T11:39:19 CET" name="setUp" finished-at="2021-11-19T11:39:19 CET" duration-ms="476" status="PASS">
          <params>
            <param index="0">
              <value>
                <![CDATA[3000]]>
              </value>
            </param>
            <param index="1">
              <value>
                <![CDATA[4445]]>
              </value>
            </param>
            <param index="2">
              <value>
                <![CDATA[127.0.0.1]]>
              </value>
            </param>
          </params>
          <reporter-output>
          </reporter-output>
        </test-method> <!-- setUp -->
        <test-method signature="testPasswordManagerSearchEntryByComment(java.lang.String, java.lang.String)[pri:0, instance:tests.PasswordManagerSearchEntryByCommentTest@2a40cd94]" started-at="2021-11-19T11:39:19 CET" name="testPasswordManagerSearchEntryByComment" finished-at="2021-11-19T11:39:22 CET" duration-ms="2769" status="PASS">
          <params>
            <param index="0">
              <value>
                <![CDATA[3000]]>
              </value>
            </param>
            <param index="1">
              <value>
                <![CDATA[127.0.0.1]]>
              </value>
            </param>
          </params>
          <reporter-output>
          </reporter-output>
        </test-method> <!-- testPasswordManagerSearchEntryByComment -->
        <test-method is-config="true" signature="tearDown()[pri:0, instance:tests.PasswordManagerSearchEntryByCommentTest@2a40cd94]" started-at="2021-11-19T11:39:22 CET" name="tearDown" finished-at="2021-11-19T11:39:22 CET" duration-ms="82" status="PASS">
          <reporter-output>
          </reporter-output>
        </test-method> <!-- tearDown -->
      </class> <!-- tests.PasswordManagerSearchEntryByCommentTest -->
      <class name="tests.PasswordManagerRemoveMultipleEntriesTest">
        <test-method is-config="true" signature="setUp(java.lang.String, java.lang.String, java.lang.String)[pri:0, instance:tests.PasswordManagerRemoveMultipleEntriesTest@46238e3f]" started-at="2021-11-19T11:41:01 CET" name="setUp" finished-at="2021-11-19T11:41:01 CET" duration-ms="446" status="PASS">
          <params>
            <param index="0">
              <value>
                <![CDATA[3000]]>
              </value>
            </param>
            <param index="1">
              <value>
                <![CDATA[4445]]>
              </value>
            </param>
            <param index="2">
              <value>
                <![CDATA[127.0.0.1]]>
              </value>
            </param>
          </params>
          <reporter-output>
          </reporter-output>
        </test-method> <!-- setUp -->
        <test-method signature="testPasswordManagerRemoveMultipleEntries()[pri:0, instance:tests.PasswordManagerRemoveMultipleEntriesTest@46238e3f]" started-at="2021-11-19T11:41:01 CET" name="testPasswordManagerRemoveMultipleEntries" finished-at="2021-11-19T11:41:07 CET" duration-ms="5896" status="PASS">
          <reporter-output>
          </reporter-output>
        </test-method> <!-- testPasswordManagerRemoveMultipleEntries -->
        <test-method is-config="true" signature="tearDown()[pri:0, instance:tests.PasswordManagerRemoveMultipleEntriesTest@46238e3f]" started-at="2021-11-19T11:41:07 CET" name="tearDown" finished-at="2021-11-19T11:41:07 CET" duration-ms="80" status="PASS">
          <reporter-output>
          </reporter-output>
        </test-method> <!-- tearDown -->
      </class> <!-- tests.PasswordManagerRemoveMultipleEntriesTest -->
      <class name="tests.PasswordManagerSearchEntryByTagsTest">
        <test-method is-config="true" signature="setUp(java.lang.String, java.lang.String, java.lang.String)[pri:0, instance:tests.PasswordManagerSearchEntryByTagsTest@530612ba]" started-at="2021-11-19T11:39:13 CET" name="setUp" finished-at="2021-11-19T11:39:13 CET" duration-ms="492" status="PASS">
          <params>
            <param index="0">
              <value>
                <![CDATA[3000]]>
              </value>
            </param>
            <param index="1">
              <value>
                <![CDATA[4445]]>
              </value>
            </param>
            <param index="2">
              <value>
                <![CDATA[127.0.0.1]]>
              </value>
            </param>
          </params>
          <reporter-output>
          </reporter-output>
        </test-method> <!-- setUp -->
        <test-method signature="testPasswordManagerSearchEntryByTags(java.lang.String, java.lang.String)[pri:0, instance:tests.PasswordManagerSearchEntryByTagsTest@530612ba]" started-at="2021-11-19T11:39:13 CET" name="testPasswordManagerSearchEntryByTags" finished-at="2021-11-19T11:39:18 CET" duration-ms="5130" status="PASS">
          <params>
            <param index="0">
              <value>
                <![CDATA[3000]]>
              </value>
            </param>
            <param index="1">
              <value>
                <![CDATA[127.0.0.1]]>
              </value>
            </param>
          </params>
          <reporter-output>
          </reporter-output>
        </test-method> <!-- testPasswordManagerSearchEntryByTags -->
        <test-method is-config="true" signature="tearDown()[pri:0, instance:tests.PasswordManagerSearchEntryByTagsTest@530612ba]" started-at="2021-11-19T11:39:18 CET" name="tearDown" finished-at="2021-11-19T11:39:19 CET" duration-ms="82" status="PASS">
          <reporter-output>
          </reporter-output>
        </test-method> <!-- tearDown -->
      </class> <!-- tests.PasswordManagerSearchEntryByTagsTest -->
      <class name="tests.PasswordManagerAddMultipleEntriesTest">
        <test-method is-config="true" signature="setUp(java.lang.String, java.lang.String, java.lang.String)[pri:0, instance:tests.PasswordManagerAddMultipleEntriesTest@588df31b]" started-at="2021-11-19T11:40:01 CET" name="setUp" finished-at="2021-11-19T11:40:01 CET" duration-ms="469" status="PASS">
          <params>
            <param index="0">
              <value>
                <![CDATA[3000]]>
              </value>
            </param>
            <param index="1">
              <value>
                <![CDATA[4445]]>
              </value>
            </param>
            <param index="2">
              <value>
                <![CDATA[127.0.0.1]]>
              </value>
            </param>
          </params>
          <reporter-output>
          </reporter-output>
        </test-method> <!-- setUp -->
        <test-method signature="testPasswordManagerAddMultipleEntries()[pri:0, instance:tests.PasswordManagerAddMultipleEntriesTest@588df31b]" started-at="2021-11-19T11:40:01 CET" name="testPasswordManagerAddMultipleEntries" finished-at="2021-11-19T11:40:27 CET" duration-ms="25881" status="PASS">
          <reporter-output>
          </reporter-output>
        </test-method> <!-- testPasswordManagerAddMultipleEntries -->
        <test-method is-config="true" signature="tearDown()[pri:0, instance:tests.PasswordManagerAddMultipleEntriesTest@588df31b]" started-at="2021-11-19T11:40:27 CET" name="tearDown" finished-at="2021-11-19T11:40:27 CET" duration-ms="96" status="PASS">
          <reporter-output>
          </reporter-output>
        </test-method> <!-- tearDown -->
      </class> <!-- tests.PasswordManagerAddMultipleEntriesTest -->
      <class name="tests.PasswordManagerSearchAndRemoveMultipleTagsTest">
        <test-method is-config="true" signature="setUp(java.lang.String, java.lang.String, java.lang.String)[pri:0, instance:tests.PasswordManagerSearchAndRemoveMultipleTagsTest@7181ae3f]" started-at="2021-11-19T11:40:52 CET" name="setUp" finished-at="2021-11-19T11:40:53 CET" duration-ms="455" status="PASS">
          <params>
            <param index="0">
              <value>
                <![CDATA[3000]]>
              </value>
            </param>
            <param index="1">
              <value>
                <![CDATA[4445]]>
              </value>
            </param>
            <param index="2">
              <value>
                <![CDATA[127.0.0.1]]>
              </value>
            </param>
          </params>
          <reporter-output>
          </reporter-output>
        </test-method> <!-- setUp -->
        <test-method signature="testPasswordManagerSearchAndRemoveMultipleTags()[pri:0, instance:tests.PasswordManagerSearchAndRemoveMultipleTagsTest@7181ae3f]" started-at="2021-11-19T11:40:53 CET" name="testPasswordManagerSearchAndRemoveMultipleTags" finished-at="2021-11-19T11:41:01 CET" duration-ms="8038" status="PASS">
          <reporter-output>
          </reporter-output>
        </test-method> <!-- testPasswordManagerSearchAndRemoveMultipleTags -->
        <test-method is-config="true" signature="tearDown()[pri:0, instance:tests.PasswordManagerSearchAndRemoveMultipleTagsTest@7181ae3f]" started-at="2021-11-19T11:41:01 CET" name="tearDown" finished-at="2021-11-19T11:41:01 CET" duration-ms="82" status="PASS">
          <reporter-output>
          </reporter-output>
        </test-method> <!-- tearDown -->
      </class> <!-- tests.PasswordManagerSearchAndRemoveMultipleTagsTest -->
      <class name="tests.PasswordManagerEditTagTest">
        <test-method is-config="true" signature="setUp(java.lang.String, java.lang.String, java.lang.String)[pri:0, instance:tests.PasswordManagerEditTagTest@166fa74d]" started-at="2021-11-19T11:39:44 CET" name="setUp" finished-at="2021-11-19T11:39:45 CET" duration-ms="451" status="PASS">
          <params>
            <param index="0">
              <value>
                <![CDATA[3000]]>
              </value>
            </param>
            <param index="1">
              <value>
                <![CDATA[4445]]>
              </value>
            </param>
            <param index="2">
              <value>
                <![CDATA[127.0.0.1]]>
              </value>
            </param>
          </params>
          <reporter-output>
          </reporter-output>
        </test-method> <!-- setUp -->
        <test-method signature="testPasswordManagerEditTag(java.lang.String, java.lang.String)[pri:0, instance:tests.PasswordManagerEditTagTest@166fa74d]" started-at="2021-11-19T11:39:45 CET" name="testPasswordManagerEditTag" finished-at="2021-11-19T11:39:45 CET" duration-ms="810" status="PASS">
          <params>
            <param index="0">
              <value>
                <![CDATA[3000]]>
              </value>
            </param>
            <param index="1">
              <value>
                <![CDATA[127.0.0.1]]>
              </value>
            </param>
          </params>
          <reporter-output>
          </reporter-output>
        </test-method> <!-- testPasswordManagerEditTag -->
        <test-method is-config="true" signature="tearDown()[pri:0, instance:tests.PasswordManagerEditTagTest@166fa74d]" started-at="2021-11-19T11:39:45 CET" name="tearDown" finished-at="2021-11-19T11:39:45 CET" duration-ms="92" status="PASS">
          <reporter-output>
          </reporter-output>
        </test-method> <!-- tearDown -->
      </class> <!-- tests.PasswordManagerEditTagTest -->
      <class name="tests.PasswordManagerSearchMultipleEntriesTest">
        <test-method is-config="true" signature="setUp(java.lang.String, java.lang.String, java.lang.String)[pri:0, instance:tests.PasswordManagerSearchMultipleEntriesTest@33b37288]" started-at="2021-11-19T11:40:27 CET" name="setUp" finished-at="2021-11-19T11:40:28 CET" duration-ms="460" status="PASS">
          <params>
            <param index="0">
              <value>
                <![CDATA[3000]]>
              </value>
            </param>
            <param index="1">
              <value>
                <![CDATA[4445]]>
              </value>
            </param>
            <param index="2">
              <value>
                <![CDATA[127.0.0.1]]>
              </value>
            </param>
          </params>
          <reporter-output>
          </reporter-output>
        </test-method> <!-- setUp -->
        <test-method signature="testPasswordManagerSearchMultipleEntries()[pri:0, instance:tests.PasswordManagerSearchMultipleEntriesTest@33b37288]" started-at="2021-11-19T11:40:28 CET" name="testPasswordManagerSearchMultipleEntries" finished-at="2021-11-19T11:40:41 CET" duration-ms="12931" status="PASS">
          <reporter-output>
          </reporter-output>
        </test-method> <!-- testPasswordManagerSearchMultipleEntries -->
        <test-method is-config="true" signature="tearDown()[pri:0, instance:tests.PasswordManagerSearchMultipleEntriesTest@33b37288]" started-at="2021-11-19T11:40:41 CET" name="tearDown" finished-at="2021-11-19T11:40:41 CET" duration-ms="86" status="PASS">
          <reporter-output>
          </reporter-output>
        </test-method> <!-- tearDown -->
      </class> <!-- tests.PasswordManagerSearchMultipleEntriesTest -->
      <class name="tests.PasswordManagerAddTagTest">
        <test-method is-config="true" signature="setUp(java.lang.String, java.lang.String, java.lang.String)[pri:0, instance:tests.PasswordManagerAddTagTest@101df177]" started-at="2021-11-19T11:39:43 CET" name="setUp" finished-at="2021-11-19T11:39:43 CET" duration-ms="466" status="PASS">
          <params>
            <param index="0">
              <value>
                <![CDATA[3000]]>
              </value>
            </param>
            <param index="1">
              <value>
                <![CDATA[4445]]>
              </value>
            </param>
            <param index="2">
              <value>
                <![CDATA[127.0.0.1]]>
              </value>
            </param>
          </params>
          <reporter-output>
          </reporter-output>
        </test-method> <!-- setUp -->
        <test-method signature="testPasswordManagerAddTag(java.lang.String, java.lang.String)[pri:0, instance:tests.PasswordManagerAddTagTest@101df177]" started-at="2021-11-19T11:39:43 CET" name="testPasswordManagerAddTag" finished-at="2021-11-19T11:39:44 CET" duration-ms="875" status="PASS">
          <params>
            <param index="0">
              <value>
                <![CDATA[3000]]>
              </value>
            </param>
            <param index="1">
              <value>
                <![CDATA[127.0.0.1]]>
              </value>
            </param>
          </params>
          <reporter-output>
          </reporter-output>
        </test-method> <!-- testPasswordManagerAddTag -->
        <test-method is-config="true" signature="tearDown()[pri:0, instance:tests.PasswordManagerAddTagTest@101df177]" started-at="2021-11-19T11:39:44 CET" name="tearDown" finished-at="2021-11-19T11:39:44 CET" duration-ms="79" status="PASS">
          <reporter-output>
          </reporter-output>
        </test-method> <!-- tearDown -->
      </class> <!-- tests.PasswordManagerAddTagTest -->
      <class name="tests.PasswordManagerRemoveTagTest">
        <test-method is-config="true" signature="setUp(java.lang.String, java.lang.String, java.lang.String)[pri:0, instance:tests.PasswordManagerRemoveTagTest@40f08448]" started-at="2021-11-19T11:39:45 CET" name="setUp" finished-at="2021-11-19T11:39:46 CET" duration-ms="496" status="PASS">
          <params>
            <param index="0">
              <value>
                <![CDATA[3000]]>
              </value>
            </param>
            <param index="1">
              <value>
                <![CDATA[4445]]>
              </value>
            </param>
            <param index="2">
              <value>
                <![CDATA[127.0.0.1]]>
              </value>
            </param>
          </params>
          <reporter-output>
          </reporter-output>
        </test-method> <!-- setUp -->
        <test-method signature="testPasswordManagerRemoveTag()[pri:0, instance:tests.PasswordManagerRemoveTagTest@40f08448]" started-at="2021-11-19T11:39:46 CET" name="testPasswordManagerRemoveTag" finished-at="2021-11-19T11:39:47 CET" duration-ms="763" status="PASS">
          <reporter-output>
          </reporter-output>
        </test-method> <!-- testPasswordManagerRemoveTag -->
        <test-method is-config="true" signature="tearDown()[pri:0, instance:tests.PasswordManagerRemoveTagTest@40f08448]" started-at="2021-11-19T11:39:47 CET" name="tearDown" finished-at="2021-11-19T11:39:47 CET" duration-ms="80" status="PASS">
          <reporter-output>
          </reporter-output>
        </test-method> <!-- tearDown -->
      </class> <!-- tests.PasswordManagerRemoveTagTest -->
      <class name="tests.PasswordManagerSearchEntryByUsernameTest">
        <test-method is-config="true" signature="setUp(java.lang.String, java.lang.String, java.lang.String)[pri:0, instance:tests.PasswordManagerSearchEntryByUsernameTest@3d8314f0]" started-at="2021-11-19T11:39:06 CET" name="setUp" finished-at="2021-11-19T11:39:07 CET" duration-ms="490" status="PASS">
          <params>
            <param index="0">
              <value>
                <![CDATA[3000]]>
              </value>
            </param>
            <param index="1">
              <value>
                <![CDATA[4445]]>
              </value>
            </param>
            <param index="2">
              <value>
                <![CDATA[127.0.0.1]]>
              </value>
            </param>
          </params>
          <reporter-output>
          </reporter-output>
        </test-method> <!-- setUp -->
        <test-method signature="testPasswordManagerSearchEntryByUsername(java.lang.String, java.lang.String)[pri:0, instance:tests.PasswordManagerSearchEntryByUsernameTest@3d8314f0]" started-at="2021-11-19T11:39:07 CET" name="testPasswordManagerSearchEntryByUsername" finished-at="2021-11-19T11:39:09 CET" duration-ms="2796" status="PASS">
          <params>
            <param index="0">
              <value>
                <![CDATA[3000]]>
              </value>
            </param>
            <param index="1">
              <value>
                <![CDATA[127.0.0.1]]>
              </value>
            </param>
          </params>
          <reporter-output>
          </reporter-output>
        </test-method> <!-- testPasswordManagerSearchEntryByUsername -->
        <test-method is-config="true" signature="tearDown()[pri:0, instance:tests.PasswordManagerSearchEntryByUsernameTest@3d8314f0]" started-at="2021-11-19T11:39:09 CET" name="tearDown" finished-at="2021-11-19T11:39:09 CET" duration-ms="106" status="PASS">
          <reporter-output>
          </reporter-output>
        </test-method> <!-- tearDown -->
      </class> <!-- tests.PasswordManagerSearchEntryByUsernameTest -->
      <class name="tests.PasswordManagerCheckEntryTagsRemovedTest">
        <test-method is-config="true" signature="setUp(java.lang.String, java.lang.String, java.lang.String)[pri:0, instance:tests.PasswordManagerCheckEntryTagsRemovedTest@70a9f84e]" started-at="2021-11-19T11:39:34 CET" name="setUp" finished-at="2021-11-19T11:39:34 CET" duration-ms="500" status="PASS">
          <params>
            <param index="0">
              <value>
                <![CDATA[3000]]>
              </value>
            </param>
            <param index="1">
              <value>
                <![CDATA[4445]]>
              </value>
            </param>
            <param index="2">
              <value>
                <![CDATA[127.0.0.1]]>
              </value>
            </param>
          </params>
          <reporter-output>
          </reporter-output>
        </test-method> <!-- setUp -->
        <test-method signature="testPasswordManagerCheckEntryTagsRemoved()[pri:0, instance:tests.PasswordManagerCheckEntryTagsRemovedTest@70a9f84e]" started-at="2021-11-19T11:39:34 CET" name="testPasswordManagerCheckEntryTagsRemoved" finished-at="2021-11-19T11:39:35 CET" duration-ms="650" status="PASS">
          <reporter-output>
          </reporter-output>
        </test-method> <!-- testPasswordManagerCheckEntryTagsRemoved -->
        <test-method is-config="true" signature="tearDown()[pri:0, instance:tests.PasswordManagerCheckEntryTagsRemovedTest@70a9f84e]" started-at="2021-11-19T11:39:35 CET" name="tearDown" finished-at="2021-11-19T11:39:35 CET" duration-ms="71" status="PASS">
          <reporter-output>
          </reporter-output>
        </test-method> <!-- tearDown -->
      </class> <!-- tests.PasswordManagerCheckEntryTagsRemovedTest -->
      <class name="tests.PasswordManagerSearchTagNegativeTest">
        <test-method is-config="true" signature="setUp(java.lang.String, java.lang.String, java.lang.String)[pri:0, instance:tests.PasswordManagerSearchTagNegativeTest@2f490758]" started-at="2021-11-19T11:39:39 CET" name="setUp" finished-at="2021-11-19T11:39:40 CET" duration-ms="497" status="PASS">
          <params>
            <param index="0">
              <value>
                <![CDATA[3000]]>
              </value>
            </param>
            <param index="1">
              <value>
                <![CDATA[4445]]>
              </value>
            </param>
            <param index="2">
              <value>
                <![CDATA[127.0.0.1]]>
              </value>
            </param>
          </params>
          <reporter-output>
          </reporter-output>
        </test-method> <!-- setUp -->
        <test-method signature="testPasswordManagerSearchTagNegative()[pri:0, instance:tests.PasswordManagerSearchTagNegativeTest@2f490758]" started-at="2021-11-19T11:39:40 CET" name="testPasswordManagerSearchTagNegative" finished-at="2021-11-19T11:39:43 CET" duration-ms="2812" status="PASS">
          <reporter-output>
          </reporter-output>
        </test-method> <!-- testPasswordManagerSearchTagNegative -->
        <test-method is-config="true" signature="tearDown()[pri:0, instance:tests.PasswordManagerSearchTagNegativeTest@2f490758]" started-at="2021-11-19T11:39:43 CET" name="tearDown" finished-at="2021-11-19T11:39:43 CET" duration-ms="101" status="PASS">
          <reporter-output>
          </reporter-output>
        </test-method> <!-- tearDown -->
      </class> <!-- tests.PasswordManagerSearchTagNegativeTest -->
      <class name="tests.PasswordManagerSearchEntryByNameTest">
        <test-method is-config="true" signature="setUp(java.lang.String, java.lang.String, java.lang.String)[pri:0, instance:tests.PasswordManagerSearchEntryByNameTest@2bea5ab4]" started-at="2021-11-19T11:39:03 CET" name="setUp" finished-at="2021-11-19T11:39:03 CET" duration-ms="450" status="PASS">
          <params>
            <param index="0">
              <value>
                <![CDATA[3000]]>
              </value>
            </param>
            <param index="1">
              <value>
                <![CDATA[4445]]>
              </value>
            </param>
            <param index="2">
              <value>
                <![CDATA[127.0.0.1]]>
              </value>
            </param>
          </params>
          <reporter-output>
          </reporter-output>
        </test-method> <!-- setUp -->
        <test-method signature="testPasswordManagerSearchEntryByName(java.lang.String, java.lang.String)[pri:0, instance:tests.PasswordManagerSearchEntryByNameTest@2bea5ab4]" started-at="2021-11-19T11:39:03 CET" name="testPasswordManagerSearchEntryByName" finished-at="2021-11-19T11:39:06 CET" duration-ms="2789" status="PASS">
          <params>
            <param index="0">
              <value>
                <![CDATA[3000]]>
              </value>
            </param>
            <param index="1">
              <value>
                <![CDATA[127.0.0.1]]>
              </value>
            </param>
          </params>
          <reporter-output>
          </reporter-output>
        </test-method> <!-- testPasswordManagerSearchEntryByName -->
        <test-method is-config="true" signature="tearDown()[pri:0, instance:tests.PasswordManagerSearchEntryByNameTest@2bea5ab4]" started-at="2021-11-19T11:39:06 CET" name="tearDown" finished-at="2021-11-19T11:39:06 CET" duration-ms="81" status="PASS">
          <reporter-output>
          </reporter-output>
        </test-method> <!-- tearDown -->
      </class> <!-- tests.PasswordManagerSearchEntryByNameTest -->
      <class name="tests.PasswordManagerSearchTagsTest">
        <test-method is-config="true" signature="setUp(java.lang.String, java.lang.String, java.lang.String)[pri:0, instance:tests.PasswordManagerSearchTagsTest@58a90037]" started-at="2021-11-19T11:39:29 CET" name="setUp" finished-at="2021-11-19T11:39:29 CET" duration-ms="461" status="PASS">
          <params>
            <param index="0">
              <value>
                <![CDATA[3000]]>
              </value>
            </param>
            <param index="1">
              <value>
                <![CDATA[4445]]>
              </value>
            </param>
            <param index="2">
              <value>
                <![CDATA[127.0.0.1]]>
              </value>
            </param>
          </params>
          <reporter-output>
          </reporter-output>
        </test-method> <!-- setUp -->
        <test-method signature="testPasswordManagerSearchTags(java.lang.String, java.lang.String)[pri:0, instance:tests.PasswordManagerSearchTagsTest@58a90037]" started-at="2021-11-19T11:39:29 CET" name="testPasswordManagerSearchTags" finished-at="2021-11-19T11:39:32 CET" duration-ms="2753" status="PASS">
          <params>
            <param index="0">
              <value>
                <![CDATA[3000]]>
              </value>
            </param>
            <param index="1">
              <value>
                <![CDATA[127.0.0.1]]>
              </value>
            </param>
          </params>
          <reporter-output>
          </reporter-output>
        </test-method> <!-- testPasswordManagerSearchTags -->
        <test-method is-config="true" signature="tearDown()[pri:0, instance:tests.PasswordManagerSearchTagsTest@58a90037]" started-at="2021-11-19T11:39:32 CET" name="tearDown" finished-at="2021-11-19T11:39:32 CET" duration-ms="102" status="PASS">
          <reporter-output>
          </reporter-output>
        </test-method> <!-- tearDown -->
      </class> <!-- tests.PasswordManagerSearchTagsTest -->
      <class name="tests.PasswordManagerCheckUsedTagsTest">
        <test-method is-config="true" signature="setUp(java.lang.String, java.lang.String, java.lang.String)[pri:0, instance:tests.PasswordManagerCheckUsedTagsTest@77a57272]" started-at="2021-11-19T11:40:41 CET" name="setUp" finished-at="2021-11-19T11:40:41 CET" duration-ms="461" status="PASS">
          <params>
            <param index="0">
              <value>
                <![CDATA[3000]]>
              </value>
            </param>
            <param index="1">
              <value>
                <![CDATA[4445]]>
              </value>
            </param>
            <param index="2">
              <value>
                <![CDATA[127.0.0.1]]>
              </value>
            </param>
          </params>
          <reporter-output>
          </reporter-output>
        </test-method> <!-- setUp -->
        <test-method signature="testPasswordManagerCheckUsedTags()[pri:0, instance:tests.PasswordManagerCheckUsedTagsTest@77a57272]" started-at="2021-11-19T11:40:41 CET" name="testPasswordManagerCheckUsedTags" finished-at="2021-11-19T11:40:52 CET" duration-ms="11101" status="PASS">
          <reporter-output>
          </reporter-output>
        </test-method> <!-- testPasswordManagerCheckUsedTags -->
        <test-method is-config="true" signature="tearDown()[pri:0, instance:tests.PasswordManagerCheckUsedTagsTest@77a57272]" started-at="2021-11-19T11:40:52 CET" name="tearDown" finished-at="2021-11-19T11:40:52 CET" duration-ms="84" status="PASS">
          <reporter-output>
          </reporter-output>
        </test-method> <!-- tearDown -->
      </class> <!-- tests.PasswordManagerCheckUsedTagsTest -->
      <class name="tests.PasswordManagerSearchEntryByTagListTest">
        <test-method is-config="true" signature="setUp(java.lang.String, java.lang.String, java.lang.String)[pri:0, instance:tests.PasswordManagerSearchEntryByTagListTest@f4168b8]" started-at="2021-11-19T11:39:22 CET" name="setUp" finished-at="2021-11-19T11:39:22 CET" duration-ms="494" status="PASS">
          <params>
            <param index="0">
              <value>
                <![CDATA[3000]]>
              </value>
            </param>
            <param index="1">
              <value>
                <![CDATA[4445]]>
              </value>
            </param>
            <param index="2">
              <value>
                <![CDATA[127.0.0.1]]>
              </value>
            </param>
          </params>
          <reporter-output>
          </reporter-output>
        </test-method> <!-- setUp -->
        <test-method signature="testPasswordManagerSearchEntryByTagList(java.lang.String, java.lang.String)[pri:0, instance:tests.PasswordManagerSearchEntryByTagListTest@f4168b8]" started-at="2021-11-19T11:39:22 CET" name="testPasswordManagerSearchEntryByTagList" finished-at="2021-11-19T11:39:23 CET" duration-ms="629" status="PASS">
          <params>
            <param index="0">
              <value>
                <![CDATA[3000]]>
              </value>
            </param>
            <param index="1">
              <value>
                <![CDATA[127.0.0.1]]>
              </value>
            </param>
          </params>
          <reporter-output>
          </reporter-output>
        </test-method> <!-- testPasswordManagerSearchEntryByTagList -->
        <test-method is-config="true" signature="tearDown()[pri:0, instance:tests.PasswordManagerSearchEntryByTagListTest@f4168b8]" started-at="2021-11-19T11:39:23 CET" name="tearDown" finished-at="2021-11-19T11:39:23 CET" duration-ms="69" status="PASS">
          <reporter-output>
          </reporter-output>
        </test-method> <!-- tearDown -->
      </class> <!-- tests.PasswordManagerSearchEntryByTagListTest -->
    </test> <!-- Test -->
  </suite> <!-- Suite -->
</testng-results>
